<?xml version="1.0" encoding="UTF-8" ?>
<testsuite tests="8" failures="0" name="Runner.TestRunnerFile" time="1.57" errors="0" skipped="0">
  <properties>
    <property name="java.vendor" value="Oracle Corporation"/>
    <property name="JOB_NAME" value="BDDHooks"/>
    <property name="RUN_TESTS_DISPLAY_URL" value="http://localhost:8080/job/BDDHooks/6/display/redirect?page=tests"/>
    <property name="sun.java.launcher" value="SUN_STANDARD"/>
    <property name="NUMBER_OF_PROCESSORS" value="8"/>
    <property name="sun.management.compiler" value="HotSpot 64-Bit Tiered Compilers"/>
    <property name="JENKINS_HOME" value="C:\Users\Dibyaswari Khadka\.jenkins"/>
    <property name="FPS_BROWSER_USER_PROFILE_STRING" value="Default"/>
    <property name="HUDSON_SERVER_COOKIE" value="7f0939a5f54abee1"/>
    <property name="POM_ARTIFACTID" value="TestBDD"/>
    <property name="os.name" value="Windows 10"/>
    <property name="RegionCode" value="NA"/>
    <property name="sun.boot.class.path" value="c:\Program Files\Java\jdk1.8.0_201\jre\lib\resources.jar;c:\Program Files\Java\jdk1.8.0_201\jre\lib\rt.jar;c:\Program Files\Java\jdk1.8.0_201\jre\lib\sunrsasign.jar;c:\Program Files\Java\jdk1.8.0_201\jre\lib\jsse.jar;c:\Program Files\Java\jdk1.8.0_201\jre\lib\jce.jar;c:\Program Files\Java\jdk1.8.0_201\jre\lib\charsets.jar;c:\Program Files\Java\jdk1.8.0_201\jre\lib\jfr.jar;c:\Program Files\Java\jdk1.8.0_201\jre\classes"/>
    <property name="EXECUTOR_NUMBER" value="1"/>
    <property name="sun.desktop" value="windows"/>
    <property name="PATHEXT" value=".COM;.EXE;.BAT;.CMD;.VBS;.VBE;.JS;.JSE;.WSF;.WSH;.MSC"/>
    <property name="java.vm.specification.vendor" value="Oracle Corporation"/>
    <property name="POM_DISPLAYNAME" value="TestBDD"/>
    <property name="NODE_LABELS" value="master"/>
    <property name="TEMP" value="C:\Users\DIBYAS~1\AppData\Local\Temp"/>
    <property name="java.runtime.version" value="1.8.0_201-b09"/>
    <property name="FPS_BROWSER_APP_PROFILE_STRING" value="Internet Explorer"/>
    <property name="ANT_HOME" value="C:\Users\Dibyaswari Khadka\Desktop\apache-ant-1.10.9"/>
    <property name="user.name" value="Dibyaswari Khadka"/>
    <property name="guice.disable.misplaced.annotation.check" value="true"/>
    <property name="CommonProgramW6432" value="C:\Program Files\Common Files"/>
    <property name="ProgramFiles" value="C:\Program Files"/>
    <property name="OnlineServices" value="Online Services"/>
    <property name="PROMPT" value="$P$G"/>
    <property name="user.language" value="en"/>
    <property name="JOB_BASE_NAME" value="BDDHooks"/>
    <property name="RUN_CHANGES_DISPLAY_URL" value="http://localhost:8080/job/BDDHooks/6/display/redirect?page=changes"/>
    <property name="BUILD_DISPLAY_NAME" value="#6"/>
    <property name="OneDrive" value="C:\Users\Dibyaswari Khadka\OneDrive"/>
    <property name="sun.boot.library.path" value="c:\Program Files\Java\jdk1.8.0_201\jre\bin"/>
    <property name="LOCALAPPDATA" value="C:\Users\Dibyaswari Khadka\AppData\Local"/>
    <property name="java.version" value="1.8.0_201"/>
    <property name="PROCESSOR_LEVEL" value="6"/>
    <property name="user.timezone" value="America/New_York"/>
    <property name="USERNAME" value="Dibyaswari Khadka"/>
    <property name="sun.arch.data.model" value="64"/>
    <property name="NODE_NAME" value="master"/>
    <property name="OneDriveConsumer" value="C:\Users\Dibyaswari Khadka\OneDrive"/>
    <property name="java.endorsed.dirs" value="c:\Program Files\Java\jdk1.8.0_201\jre\lib\endorsed"/>
    <property name="BUILD_ID" value="6"/>
    <property name="sun.cpu.isalist" value="amd64"/>
    <property name="sun.jnu.encoding" value="Cp1252"/>
    <property name="file.encoding.pkg" value="sun.io"/>
    <property name="file.separator" value="\"/>
    <property name="java.specification.name" value="Java Platform API Specification"/>
    <property name="HOMEDRIVE" value="C:"/>
    <property name="maven.conf" value="C:\Users\Naresh\apache-maven-3.6.3\conf"/>
    <property name="java.class.version" value="52.0"/>
    <property name="=::" value="::\"/>
    <property name="org.slf4j.simpleLogger.defaultLogLevel" value="info"/>
    <property name="user.country" value="US"/>
    <property name="ALLUSERSPROFILE" value="C:\ProgramData"/>
    <property name="java.home" value="c:\Program Files\Java\jdk1.8.0_201\jre"/>
    <property name="java.vm.info" value="mixed mode"/>
    <property name="os.version" value="10.0"/>
    <property name="platformcode" value="KV"/>
    <property name="RUN_DISPLAY_URL" value="http://localhost:8080/job/BDDHooks/6/display/redirect"/>
    <property name="POM_VERSION" value="0.0.1-SNAPSHOT"/>
    <property name="TMP" value="C:\Users\DIBYAS~1\AppData\Local\Temp"/>
    <property name="RUN_ARTIFACTS_DISPLAY_URL" value="http://localhost:8080/job/BDDHooks/6/display/redirect?page=artifacts"/>
    <property name="path.separator" value=";"/>
    <property name="java.vm.version" value="25.201-b09"/>
    <property name="user.variant" value=""/>
    <property name="JOB_DISPLAY_URL" value="http://localhost:8080/job/BDDHooks/display/redirect"/>
    <property name="CommonProgramFiles(x86)" value="C:\Program Files (x86)\Common Files"/>
    <property name="java.awt.printerjob" value="sun.awt.windows.WPrinterJob"/>
    <property name="USERDOMAIN_ROAMINGPROFILE" value="LAPTOP-B6HEUMQF"/>
    <property name="CommonProgramFiles" value="C:\Program Files\Common Files"/>
    <property name="sun.io.unicode.encoding" value="UnicodeLittle"/>
    <property name="JAVA_HOME" value="c:\Program Files\Java\jdk1.8.0_201"/>
    <property name="ComSpec" value="C:\WINDOWS\system32\cmd.exe"/>
    <property name="awt.toolkit" value="sun.awt.windows.WToolkit"/>
    <property name="HOMEPATH" value="\Users\Dibyaswari Khadka"/>
    <property name="POM_PACKAGING" value="jar"/>
    <property name="user.script" value=""/>
    <property name="COMPUTERNAME" value="LAPTOP-B6HEUMQF"/>
    <property name="POM_GROUPID" value="com.BDD.test"/>
    <property name="user.home" value="C:\Users\Dibyaswari Khadka"/>
    <property name="PUBLIC" value="C:\Users\Public"/>
    <property name="BUILD_TAG" value="jenkins-BDDHooks-6"/>
    <property name="JENKINS_SERVER_COOKIE" value="7f0939a5f54abee1"/>
    <property name="HUDSON_URL" value="http://localhost:8080/"/>
    <property name="ProgramData" value="C:\ProgramData"/>
    <property name="java.specification.vendor" value="Oracle Corporation"/>
    <property name="USERPROFILE" value="C:\Users\Dibyaswari Khadka"/>
    <property name="CLASSPATH" value=""/>
    <property name="java.vendor.url" value="http://java.oracle.com/"/>
    <property name="java.library.path" value="c:\Program Files\Java\jdk1.8.0_201\bin;C:\WINDOWS\Sun\Java\bin;C:\WINDOWS\system32;C:\WINDOWS;C:\Users\Naresh\apache-maven-3.6.3/bin;c:\Program Files\Java\jdk1.8.0_201/bin;c:\Program Files\Java\jdk1.8.0_201/bin;D:\apache-maven-3.6.3-bin\apache-maven-3.6.3\bin;C:\Program Files\Git\cmd;C:\WINDOWS\system32;C:\WINDOWS;C:\WINDOWS\System32\Wbem;C:\WINDOWS\System32\WindowsPowerShell\v1.0\;C:\WINDOWS\System32\OpenSSH\;C:\Users\Dibyaswari Khadka\Desktop\apache-ant-1.10.9\bin;C:\Program Files\Java\jdk1.8.0_201;C:\Program Files\Java\jdk1.8.0_201\bin;D:\apache-maven-3.6.3-bin\apache-maven-3.6.3\bin;C:\Users\Dibyaswari Khadka\AppData\Local\Microsoft\WindowsApps;C:\Program Files\Java\jdk1.8.0_201;C:\Program Files\Java\jdk1.8.0_201\bin;;."/>
    <property name="java.vm.vendor" value="Oracle Corporation"/>
    <property name="APPDATA" value="C:\Users\Dibyaswari Khadka\AppData\Roaming"/>
    <property name="java.runtime.name" value="Java(TM) SE Runtime Environment"/>
    <property name="maven.home" value="C:\Users\Naresh\apache-maven-3.6.3"/>
    <property name="java.class.path" value="C:\Users\Dibyaswari Khadka\.jenkins\plugins\maven-plugin\WEB-INF\lib\maven35-agent-1.13.jar;C:\Users\Naresh\apache-maven-3.6.3\boot\plexus-classworlds-2.6.0.jar;C:\Users\Naresh\apache-maven-3.6.3/conf/logging"/>
    <property name="sun.java.command" value="jenkins.maven3.agent.Maven35Main C:\Users\Naresh\apache-maven-3.6.3 C:\Users\Dibyaswari Khadka\.jenkins\war\WEB-INF\lib\remoting-4.5.jar C:\Users\Dibyaswari Khadka\.jenkins\plugins\maven-plugin\WEB-INF\lib\maven35-interceptor-1.13.jar C:\Users\Dibyaswari Khadka\.jenkins\plugins\maven-plugin\WEB-INF\lib\maven3-interceptor-commons-1.13.jar 59315"/>
    <property name="Path" value="c:\Program Files\Java\jdk1.8.0_201/bin;D:\apache-maven-3.6.3-bin\apache-maven-3.6.3\bin;C:\Program Files\Git\cmd;C:\WINDOWS\system32;C:\WINDOWS;C:\WINDOWS\System32\Wbem;C:\WINDOWS\System32\WindowsPowerShell\v1.0\;C:\WINDOWS\System32\OpenSSH\;C:\Users\Dibyaswari Khadka\Desktop\apache-ant-1.10.9\bin;C:\Program Files\Java\jdk1.8.0_201;C:\Program Files\Java\jdk1.8.0_201\bin;D:\apache-maven-3.6.3-bin\apache-maven-3.6.3\bin;C:\Users\Dibyaswari Khadka\AppData\Local\Microsoft\WindowsApps;C:\Program Files\Java\jdk1.8.0_201;C:\Program Files\Java\jdk1.8.0_201\bin;"/>
    <property name="java.vm.specification.name" value="Java Virtual Machine Specification"/>
    <property name="PROCESSOR_ARCHITECTURE" value="AMD64"/>
    <property name="PATH+JDK" value="c:\Program Files\Java\jdk1.8.0_201/bin"/>
    <property name="PROCESSOR_IDENTIFIER" value="Intel64 Family 6 Model 142 Stepping 10, GenuineIntel"/>
    <property name="SESSIONNAME" value="Console"/>
    <property name="java.vm.specification.version" value="1.8"/>
    <property name="sun.os.patch.level" value=""/>
    <property name="sun.cpu.endian" value="little"/>
    <property name="M2_HOME" value="C:\Users\Naresh\apache-maven-3.6.3"/>
    <property name="java.io.tmpdir" value="C:\Users\DIBYAS~1\AppData\Local\Temp\"/>
    <property name="OS" value="Windows_NT"/>
    <property name="HUDSON_HOME" value="C:\Users\Dibyaswari Khadka\.jenkins"/>
    <property name="PATH+MAVEN" value="C:\Users\Naresh\apache-maven-3.6.3/bin"/>
    <property name="ProgramFiles(x86)" value="C:\Program Files (x86)"/>
    <property name="BUILD_URL" value="http://localhost:8080/job/BDDHooks/6/"/>
    <property name="java.vendor.url.bug" value="http://bugreport.sun.com/bugreport/"/>
    <property name="java.awt.graphicsenv" value="sun.awt.Win32GraphicsEnvironment"/>
    <property name="os.arch" value="amd64"/>
    <property name="SystemRoot" value="C:\WINDOWS"/>
    <property name="java.ext.dirs" value="c:\Program Files\Java\jdk1.8.0_201\jre\lib\ext;C:\WINDOWS\Sun\Java\lib\ext"/>
    <property name="user.dir" value="C:\Users\Dibyaswari Khadka\eclipse-workspace\BDDHooks"/>
    <property name="JOB_URL" value="http://localhost:8080/job/BDDHooks/"/>
    <property name="LOGONSERVER" value="\\LAPTOP-B6HEUMQF"/>
    <property name="USERDOMAIN" value="LAPTOP-B6HEUMQF"/>
    <property name="line.separator" value="
"/>
    <property name="MAVEN_HOME" value="C:\Users\Naresh\apache-maven-3.6.3"/>
    <property name="java.vm.name" value="Java HotSpot(TM) 64-Bit Server VM"/>
    <property name="BUILD_NUMBER" value="6"/>
    <property name="JENKINS_URL" value="http://localhost:8080/"/>
    <property name="PROCESSOR_REVISION" value="8e0a"/>
    <property name="ProgramW6432" value="C:\Program Files"/>
    <property name="windir" value="C:\WINDOWS"/>
    <property name="=C:" value="C:\Users\Naresh"/>
    <property name="file.encoding" value="Cp1252"/>
    <property name="SystemDrive" value="C:"/>
    <property name="maven3.interceptor" value="C:\Users\Dibyaswari Khadka\.jenkins\plugins\maven-plugin\WEB-INF\lib\maven35-interceptor-1.13.jar"/>
    <property name="WORKSPACE_TMP" value="C:\Users\Dibyaswari Khadka\.jenkins\workspace\BDDHooks@tmp"/>
    <property name="WORKSPACE" value="C:\Users\Dibyaswari Khadka\.jenkins\workspace\BDDHooks"/>
    <property name="maven3.interceptor.common" value="C:\Users\Dibyaswari Khadka\.jenkins\plugins\maven-plugin\WEB-INF\lib\maven3-interceptor-commons-1.13.jar"/>
    <property name="java.specification.version" value="1.8"/>
    <property name="PSModulePath" value="C:\Program Files\WindowsPowerShell\Modules;C:\WINDOWS\system32\WindowsPowerShell\v1.0\Modules"/>
    <property name="DriverData" value="C:\Windows\System32\Drivers\DriverData"/>
  </properties>
  <testcase classname="Scenario: Search for Momo" name="Given User is in the search page" time="0.005"/>
  <testcase classname="Scenario: Search for Momo" name="When food item is entered" time="0.001"/>
  <testcase classname="Scenario: Search for Momo" name="Then it should return the food searched" time="0"/>
  <testcase classname="Scenario: Search for Momo" name="Scenario: Search for Momo" time="0.78"/>
  <testcase classname="Scenario: Search for Restaurant" name="Given User is in the searchin page" time="0"/>
  <testcase classname="Scenario: Search for Restaurant" name="When Resturant is entered" time="0"/>
  <testcase classname="Scenario: Search for Restaurant" name="Then it should return the restaurant searched" time="0"/>
  <testcase classname="Scenario: Search for Restaurant" name="Scenario: Search for Restaurant" time="0.784"/>
</testsuite>